<?xml version="1.0" encoding="UTF-8"?>
<testsuite xmlns:xsi="http://www.w3.org/2001/XMLSchema-instance" xsi:noNamespaceSchemaLocation="https://maven.apache.org/surefire/maven-surefire-plugin/xsd/surefire-test-report-3.0.xsd" version="3.0" name="ar.edu.unrc.game2048.BoardTest" time="0.056" tests="7" errors="0" skipped="0" failures="1">
  <properties>
[...]
</properties>
  <testcase name="testBoardCreation" classname="ar.edu.unrc.game2048.BoardTest" time="0.022"/>
  <testcase name="testBoardCreation2" classname="ar.edu.unrc.game2048.BoardTest" time="0.003"/>
  <testcase name="testBoardCreation3" classname="ar.edu.unrc.game2048.BoardTest" time="0.001"/>
  <testcase name="testGetCell" classname="ar.edu.unrc.game2048.BoardTest" time="0.001"/>
  <testcase name="testGetSize" classname="ar.edu.unrc.game2048.BoardTest" time="0.001"/>
  <testcase name="testMoveDown" classname="ar.edu.unrc.game2048.BoardTest" time="0.005">
    <failure message="expected: &lt;0&gt; but was: &lt;4&gt;" type="org.opentest4j.AssertionFailedError"><![CDATA[org.opentest4j.AssertionFailedError: expected: <0> but was: <4>
	at org.junit.jupiter.api.AssertionFailureBuilder.build(AssertionFailureBuilder.java:151)
	at org.junit.jupiter.api.AssertionFailureBuilder.buildAndThrow(AssertionFailureBuilder.java:132)
	at org.junit.jupiter.api.AssertEquals.failNotEqual(AssertEquals.java:197)
	at org.junit.jupiter.api.AssertEquals.assertEquals(AssertEquals.java:150)
	at org.junit.jupiter.api.AssertEquals.assertEquals(AssertEquals.java:145)
	at org.junit.jupiter.api.Assertions.assertEquals(Assertions.java:527)
	at ar.edu.unrc.game2048.BoardTest.testMoveDown(BoardTest.java:66)
	at java.base/java.lang.reflect.Method.invoke(Method.java:565)
	at java.base/java.util.ArrayList.forEach(ArrayList.java:1612)
	at java.base/java.util.ArrayList.forEach(ArrayList.java:1612)
]]></failure>
  </testcase>
  <testcase name="testGetEmptyPositions" classname="ar.edu.unrc.game2048.BoardTest" time="0.001"/>
</testsuite>